var : K, (1,1)
  : T, (1,4)
i : I, (1,5)
, : D, (1,6)
s : I, (1,7)
: : D, (1,8)
integer : I, (1,9)
; : D, (1,16)
begin : K, (2,1)
s : I, (3,1)
:= : O, (3,2)
0 : C, (3,4)
; : D, (3,5)
for : K, (4,1)
  : T, (4,4)
i : I, (4,5)
:= : O, (4,6)
1 : C, (4,8)
  : T, (4,9)
to : K, (4,10)
  : T, (4,12)
10 : C, (4,13)
  : T, (4,15)
do : K, (4,16)
s : I, (5,1)
:= : O, (5,2)
s : I, (5,4)
+ : O, (5,5)
i : I, (5,6)
; : D, (5,7)
end : K, (6,1)
; : D, (6,4)
var : K, (8,1)
  : T, (8,4)
n : I, (8,5)
, : D, (8,6)
i : I, (8,7)
, : D, (8,8)
j : I, (8,9)
, : D, (8,10)
k : I, (8,11)
, : D, (8,12)
a : I, (8,13)
, : D, (8,14)
b : I, (8,15)
: : D, (8,16)
integer : I, (8,17)
; : D, (8,24)
begin : K, (9,1)
write : K, (10,1)
( : D, (10,6)
' : D, (10,7)
n : I, (10,8)
= : O, (10,9)
' : D, (10,10)
) : D, (10,11)
; : D, (10,12)
  : T, (10,13)
readln : I, (10,14)
( : D, (10,20)
n : I, (10,21)
) : D, (10,22)
; : D, (10,23)
a : I, (11,1)
:= : O, (11,2)
0 : C, (11,4)
; : D, (11,5)
  : T, (11,6)
b : I, (11,7)
:= : O, (11,8)
0 : C, (11,10)
; : D, (11,11)
  : T, (11,12)
i : I, (11,13)
:= : O, (11,14)
1 : C, (11,16)
; : D, (11,17)
repeat : K, (12,1)
k : I, (13,1)
:= : O, (13,2)
i : I, (13,4)
; : D, (13,5)
  : T, (13,6)
j : I, (13,7)
:= : O, (13,8)
0 : C, (13,10)
; : D, (13,11)
repeat : K, (14,1)
if : K, (15,1)
  : T, (15,3)
odd : K, (15,4)
( : D, (15,7)
k : I, (15,8)
) : D, (15,9)
  : T, (15,10)
then : K, (15,11)
  : T, (15,15)
inc : I, (15,16)
( : D, (15,19)
j : I, (15,20)
) : D, (15,21)
  : T, (15,22)
else : I, (15,23)
  : T, (15,27)
dec : I, (15,28)
( : D, (15,31)
j : I, (15,32)
) : D, (15,33)
; : D, (15,34)
k : I, (16,1)
:= : O, (16,2)
k : I, (16,4)
  : T, (16,5)
div : I, (16,6)
  : T, (16,9)
2 : C, (16,10)
; : D, (16,11)
until : K, (17,1)
  : T, (17,6)
k : I, (17,7)
= : O, (17,8)
0 : C, (17,9)
; : D, (17,10)
if : K, (18,1)
  : T, (18,3)
j : I, (18,4)
> : O, (18,5)
0 : C, (18,6)
  : T, (18,7)
then : K, (18,8)
  : T, (18,12)
inc : I, (18,13)
( : D, (18,16)
a : I, (18,17)
) : D, (18,18)
  : T, (18,19)
else : I, (18,20)
  : T, (18,24)
inc : I, (18,25)
( : D, (18,28)
b : I, (18,29)
) : D, (18,30)
; : D, (18,31)
inc : I, (19,1)
( : D, (19,4)
i : I, (19,5)
) : D, (19,6)
; : D, (19,7)
until : K, (20,1)
  : T, (20,6)
i : I, (20,7)
= : O, (20,8)
n : I, (20,9)
; : D, (20,10)
writeln : I, (21,1)
( : D, (21,8)
' : D, (21,9)
A : I, (21,10)
: : D, (21,11)
' : D, (21,12)
, : D, (21,13)
a : I, (21,14)
, : D, (21,15)
' : D, (21,16)
  : T, (21,17)
B : I, (21,18)
: : D, (21,19)
' : D, (21,20)
, : D, (21,21)
b : I, (21,22)
) : D, (21,23)
end : K, (22,1)
. : D, (22,4)
