 : T, (1,1)
var : K, (2,1)
  : T, (2,4)
f : I, (2,5)
, : D, (2,6)
  : T, (2,7)
c : I, (2,8)
  : T, (2,9)
: : D, (2,10)
real : I, (2,11)
; : D, (2,15)
 : T, (2,16)
 : T, (3,1)
begin : K, (4,1)
 : T, (4,6)
  : T, (5,1)
  : T, (5,2)
  : T, (5,3)
  : T, (5,4)
read : K, (5,5)
( : D, (5,9)
f : I, (5,10)
) : D, (5,11)
; : D, (5,12)
 : T, (5,13)
  : T, (6,1)
  : T, (6,2)
  : T, (6,3)
  : T, (6,4)
c : I, (6,5)
  : T, (6,6)
:= : O, (6,7)
  : T, (6,9)
5 : C, (6,10)
  : T, (6,11)
* : O, (6,12)
  : T, (6,13)
( : D, (6,14)
f : I, (6,15)
  : T, (6,16)
- : O, (6,17)
  : T, (6,18)
32 : C, (6,19)
) : D, (6,21)
  : T, (6,22)
/ : O, (6,23)
  : T, (6,24)
9 : C, (6,25)
; : D, (6,26)
 : T, (6,27)
  : T, (7,1)
  : T, (7,2)
  : T, (7,3)
  : T, (7,4)
write : K, (7,5)
( : D, (7,10)
c : I, (7,11)
) : D, (7,12)
; : D, (7,13)
 : T, (7,14)
end : K, (8,1)
. : D, (8,4)
 : T, (8,5)
 : T, (9,1)
var : K, (10,1)
  : T, (10,4)
s : I, (10,5)
This word is incorrect! ?#@ : T, (10,6)
dscf : I, (10,6)
  : T, (10,10)
: : D, (10,11)
  : T, (10,12)
integer : I, (10,13)
; : D, (10,20)
 : T, (10,21)
var : K, (11,1)
  : T, (11,4)
s : I, (11,5)
: : D, (11,6)
real : I, (11,7)
; : D, (11,11)
 : T, (11,12)
s : I, (12,1)
= : O, (12,2)
1 : C, (12,3)
. : D, (12,4)
 : T, (12,5)
