var : K, (1,1)
  : T, (1,4)
x : I, (1,5)
, : D, (1,6)
  : T, (1,7)
y : I, (1,8)
; : D, (1,9)
 : T, (1,10)
 : T, (2,1)
procedure : K, (3,1)
  : T, (3,10)
function : I, (3,11)
; : D, (3,19)
 : T, (3,20)
if : K, (4,1)
  : T, (4,3)
x : I, (4,4)
  : T, (4,5)
< : O, (4,6)
  : T, (4,7)
1 : C, (4,8)
  : T, (4,9)
then : K, (4,10)
 : T, (4,14)
  : T, (5,1)
  : T, (5,2)
  : T, (5,3)
  : T, (5,4)
y : I, (5,5)
  : T, (5,6)
:= : O, (5,7)
  : T, (5,9)
x : I, (5,10)
 : T, (5,11)
else : I, (6,1)
 : T, (6,5)
  : T, (7,1)
  : T, (7,2)
  : T, (7,3)
  : T, (7,4)
if : K, (7,5)
  : T, (7,7)
x : I, (7,8)
  : T, (7,9)
< : O, (7,10)
  : T, (7,11)
10 : C, (7,12)
  : T, (7,14)
then : K, (7,15)
 : T, (7,19)
  : T, (8,1)
  : T, (8,2)
  : T, (8,3)
  : T, (8,4)
  : T, (8,5)
  : T, (8,6)
  : T, (8,7)
  : T, (8,8)
y : I, (8,9)
  : T, (8,10)
:= : O, (8,11)
  : T, (8,13)
2 : C, (8,14)
  : T, (8,15)
* : O, (8,16)
  : T, (8,17)
x : I, (8,18)
  : T, (8,19)
- : O, (8,20)
  : T, (8,21)
1 : C, (8,22)
 : T, (8,23)
  : T, (9,1)
  : T, (9,2)
  : T, (9,3)
  : T, (9,4)
else : I, (9,5)
 : T, (9,9)
  : T, (10,1)
  : T, (10,2)
  : T, (10,3)
  : T, (10,4)
  : T, (10,5)
  : T, (10,6)
  : T, (10,7)
  : T, (10,8)
y : I, (10,9)
  : T, (10,10)
:= : O, (10,11)
  : T, (10,13)
3 : C, (10,14)
  : T, (10,15)
* : O, (10,16)
  : T, (10,17)
x : I, (10,18)
  : T, (10,19)
- : O, (10,20)
  : T, (10,21)
11 : C, (10,22)
 : T, (10,24)
; : D, (11,1)
 : T, (11,2)
begin : K, (12,1)
 : T, (12,6)
  : T, (13,1)
  : T, (13,2)
  : T, (13,3)
  : T, (13,4)
read : K, (13,5)
( : D, (13,9)
x : I, (13,10)
) : D, (13,11)
; : D, (13,12)
 : T, (13,13)
  : T, (14,1)
  : T, (14,2)
  : T, (14,3)
  : T, (14,4)
call : K, (14,5)
  : T, (14,9)
function : I, (14,10)
; : D, (14,18)
 : T, (14,19)
  : T, (15,1)
  : T, (15,2)
  : T, (15,3)
  : T, (15,4)
write : K, (15,5)
( : D, (15,10)
y : I, (15,11)
) : D, (15,12)
; : D, (15,13)
 : T, (15,14)
end : K, (16,1)
. : D, (16,4)
 : T, (16,5)
 : T, (17,1)
var : K, (18,1)
  : T, (18,4)
Error! The length of this idetifier is too long!
